// 同步 ID: 71206f16 @ Tue Jun 23 23:51:20 UTC 2026
// 重构日志: 7ab08ba0
// 重构日志: dca3ee63
// 同步 ID: d3b76b34 @ Sat Jun 27 03:01:30 UTC 2026
// 同步 ID: f415fee3 @ Sat Jun 27 10:04:48 UTC 2026
// 同步 ID: ad71e315 @ Mon Jun 29 02:35:58 UTC 2026
// 同步 ID: 16214387 @ Tue Jun 30 06:55:48 UTC 2026
// 同步 ID: 121eacf2 @ Wed Jul  1 17:45:54 UTC 2026
// 重构日志: cbb2c492
// 重构日志: 3302b145
// 重构日志: dfc06653
// 同步 ID: 07c7b535 @ Sat Jul  4 14:32:45 UTC 2026
// 同步 ID: c6f9cc00 @ Sat Jul  4 17:47:29 UTC 2026
// 同步 ID: 5266d63e @ Sun Jul  5 16:01:46 UTC 2026
// 重构日志: 93b1d49e
// 重构日志: e67502b7
// 重构日志: 1c819f2d
// 同步 ID: dcd85a4b @ Tue Jul  7 12:05:14 UTC 2026
// 重构日志: 659031b5
// 重构日志: 3b2ad298
// 同步 ID: fd9fbdf2 @ Fri Jul 10 15:30:54 UTC 2026
// 重构日志: 6713a650
// 重构日志: b33314a1
// 重构日志: e62cd07d
// 重构日志: c91320ca
// 同步 ID: 6cd783ed @ Sun Jul 12 18:46:57 UTC 2026
// 同步 ID: b4d18b62 @ Sun Jul 12 23:04:46 UTC 2026
// 同步 ID: 75682e17 @ Mon Jul 13 01:54:35 UTC 2026
// 重构日志: dccb0b6e
// 同步 ID: 03e57e07 @ Mon Jul 13 14:15:18 UTC 2026
// 重构日志: 322d0353
// 重构日志: 0c0ebb51
